Searching for include files...
Searching for example files...
Searching for files in directory /home/travis/build/NTAP/quant/bin
Searching for images...
Searching for dot files...
Searching for files in directory /home/travis/build/NTAP/quant/doc
Searching for files in directory /home/travis/build/NTAP/quant/doc/cmake
Searching for files in directory /home/travis/build/NTAP/quant/doc/cmake/cmcompress
Searching for files in directory /home/travis/build/NTAP/quant/doc/cmake/cmcurl
Searching for files in directory /home/travis/build/NTAP/quant/doc/cmake/cmlibarchive
Searching for files in directory /home/travis/build/NTAP/quant/doc/cmake/cmliblzma
Searching for files in directory /home/travis/build/NTAP/quant/doc/cmake/cmlibrhash
Searching for files in directory /home/travis/build/NTAP/quant/doc/cmake/cmlibuv
Searching for files in directory /home/travis/build/NTAP/quant/doc/cmake/cmsys
Searching for files in directory /home/travis/build/NTAP/quant/doc/cmake/cmzlib
Searching for files in directory /home/travis/build/NTAP/quant/doc/cmake/html
Searching for files in directory /home/travis/build/NTAP/quant/doc/cmake/html/_sources
Searching for files in directory /home/travis/build/NTAP/quant/doc/cmake/html/_sources/command
Searching for files in directory /home/travis/build/NTAP/quant/doc/cmake/html/_sources/envvar
Searching for files in directory /home/travis/build/NTAP/quant/doc/cmake/html/_sources/generator
Searching for files in directory /home/travis/build/NTAP/quant/doc/cmake/html/_sources/manual
Searching for files in directory /home/travis/build/NTAP/quant/doc/cmake/html/_sources/module
Searching for files in directory /home/travis/build/NTAP/quant/doc/cmake/html/_sources/policy
Searching for files in directory /home/travis/build/NTAP/quant/doc/cmake/html/_sources/prop_cache
Searching for files in directory /home/travis/build/NTAP/quant/doc/cmake/html/_sources/prop_dir
Searching for files in directory /home/travis/build/NTAP/quant/doc/cmake/html/_sources/prop_gbl
Searching for files in directory /home/travis/build/NTAP/quant/doc/cmake/html/_sources/prop_inst
Searching for files in directory /home/travis/build/NTAP/quant/doc/cmake/html/_sources/prop_sf
Searching for files in directory /home/travis/build/NTAP/quant/doc/cmake/html/_sources/prop_test
Searching for files in directory /home/travis/build/NTAP/quant/doc/cmake/html/_sources/prop_tgt
Searching for files in directory /home/travis/build/NTAP/quant/doc/cmake/html/_sources/release
Searching for files in directory /home/travis/build/NTAP/quant/doc/cmake/html/_sources/variable
Searching for files in directory /home/travis/build/NTAP/quant/doc/cmake/html/_static
Searching for files in directory /home/travis/build/NTAP/quant/doc/cmake/html/command
Searching for files in directory /home/travis/build/NTAP/quant/doc/cmake/html/envvar
Searching for files in directory /home/travis/build/NTAP/quant/doc/cmake/html/generator
Searching for files in directory /home/travis/build/NTAP/quant/doc/cmake/html/manual
Searching for files in directory /home/travis/build/NTAP/quant/doc/cmake/html/module
Searching for files in directory /home/travis/build/NTAP/quant/doc/cmake/html/policy
Searching for files in directory /home/travis/build/NTAP/quant/doc/cmake/html/prop_cache
Searching for files in directory /home/travis/build/NTAP/quant/doc/cmake/html/prop_dir
Searching for files in directory /home/travis/build/NTAP/quant/doc/cmake/html/prop_gbl
Searching for files in directory /home/travis/build/NTAP/quant/doc/cmake/html/prop_inst
Searching for files in directory /home/travis/build/NTAP/quant/doc/cmake/html/prop_sf
Searching for files in directory /home/travis/build/NTAP/quant/doc/cmake/html/prop_test
Searching for files in directory /home/travis/build/NTAP/quant/doc/cmake/html/prop_tgt
Searching for files in directory /home/travis/build/NTAP/quant/doc/cmake/html/release
Searching for files in directory /home/travis/build/NTAP/quant/doc/cmake/html/variable
Searching for msc files...
Searching for dia files...
Searching for files to exclude
Searching for files to process...
Searching for files in directory /home/travis/build/NTAP/quant/lib
Searching for files in directory /home/travis/build/NTAP/quant/lib/include
Searching for files in directory /home/travis/build/NTAP/quant/lib/include/quant
Searching for files in directory /home/travis/build/NTAP/quant/lib/src
Searching for files in directory /home/travis/build/NTAP/quant/build/lib
Searching for files in directory /home/travis/build/NTAP/quant/build/lib/CMakeFiles
Searching for files in directory /home/travis/build/NTAP/quant/build/lib/CMakeFiles/common.dir
Searching for files in directory /home/travis/build/NTAP/quant/build/lib/CMakeFiles/common.dir/src
Searching for files in directory /home/travis/build/NTAP/quant/build/lib/CMakeFiles/libquant.dir
Searching for files in directory /home/travis/build/NTAP/quant/build/lib/CMakeFiles/libquant.dir/src
Searching for files in directory /home/travis/build/NTAP/quant/build/lib/include
Searching for files in directory /home/travis/build/NTAP/quant/build/lib/include/quant
Searching for files in directory /home/travis/build/NTAP/quant/build/lib/src
Reading and parsing tag files
Parsing files
Preprocessing /home/travis/build/NTAP/quant/lib/include/quant/quant.h...
Parsing file /home/travis/build/NTAP/quant/lib/include/quant/quant.h...
Preprocessing /home/travis/build/NTAP/quant/lib/src/bitset.h...
Parsing file /home/travis/build/NTAP/quant/lib/src/bitset.h...
Preprocessing /home/travis/build/NTAP/quant/lib/src/conn.c...
Parsing file /home/travis/build/NTAP/quant/lib/src/conn.c...
Preprocessing /home/travis/build/NTAP/quant/lib/src/conn.h...
Parsing file /home/travis/build/NTAP/quant/lib/src/conn.h...
Preprocessing /home/travis/build/NTAP/quant/lib/src/diet.c...
Parsing file /home/travis/build/NTAP/quant/lib/src/diet.c...
Preprocessing /home/travis/build/NTAP/quant/lib/src/diet.h...
Parsing file /home/travis/build/NTAP/quant/lib/src/diet.h...
Preprocessing /home/travis/build/NTAP/quant/lib/src/fnv1a.h...
Parsing file /home/travis/build/NTAP/quant/lib/src/fnv1a.h...
Preprocessing /home/travis/build/NTAP/quant/lib/src/frame.c...
Parsing file /home/travis/build/NTAP/quant/lib/src/frame.c...
Preprocessing /home/travis/build/NTAP/quant/lib/src/frame.h...
Parsing file /home/travis/build/NTAP/quant/lib/src/frame.h...
Preprocessing /home/travis/build/NTAP/quant/lib/src/marshall.c...
Parsing file /home/travis/build/NTAP/quant/lib/src/marshall.c...
Preprocessing /home/travis/build/NTAP/quant/lib/src/marshall.h...
Parsing file /home/travis/build/NTAP/quant/lib/src/marshall.h...
Preprocessing /home/travis/build/NTAP/quant/lib/src/pkt.c...
Parsing file /home/travis/build/NTAP/quant/lib/src/pkt.c...
Preprocessing /home/travis/build/NTAP/quant/lib/src/pkt.h...
Parsing file /home/travis/build/NTAP/quant/lib/src/pkt.h...
Preprocessing /home/travis/build/NTAP/quant/lib/src/pn.c...
Parsing file /home/travis/build/NTAP/quant/lib/src/pn.c...
Preprocessing /home/travis/build/NTAP/quant/lib/src/pn.h...
Parsing file /home/travis/build/NTAP/quant/lib/src/pn.h...
Preprocessing /home/travis/build/NTAP/quant/lib/src/quic.c...
Parsing file /home/travis/build/NTAP/quant/lib/src/quic.c...
Preprocessing /home/travis/build/NTAP/quant/lib/src/quic.h...
Parsing file /home/travis/build/NTAP/quant/lib/src/quic.h...
Preprocessing /home/travis/build/NTAP/quant/lib/src/recovery.c...
Parsing file /home/travis/build/NTAP/quant/lib/src/recovery.c...
Preprocessing /home/travis/build/NTAP/quant/lib/src/recovery.h...
Parsing file /home/travis/build/NTAP/quant/lib/src/recovery.h...
Preprocessing /home/travis/build/NTAP/quant/lib/src/stream.c...
Parsing file /home/travis/build/NTAP/quant/lib/src/stream.c...
Preprocessing /home/travis/build/NTAP/quant/lib/src/stream.h...
Parsing file /home/travis/build/NTAP/quant/lib/src/stream.h...
Preprocessing /home/travis/build/NTAP/quant/lib/src/tls.c...
Parsing file /home/travis/build/NTAP/quant/lib/src/tls.c...
Preprocessing /home/travis/build/NTAP/quant/lib/src/tls.h...
Parsing file /home/travis/build/NTAP/quant/lib/src/tls.h...
Preprocessing /home/travis/build/NTAP/quant/lib/src/util.c...
Parsing file /home/travis/build/NTAP/quant/lib/src/util.c...
Preprocessing /home/travis/build/NTAP/quant/build/lib/include/quant/config.h...
Parsing file /home/travis/build/NTAP/quant/build/lib/include/quant/config.h...
Preprocessing /home/travis/build/NTAP/quant/build/lib/src/config.c...
Parsing file /home/travis/build/NTAP/quant/build/lib/src/config.c...
Reading /home/travis/build/NTAP/quant/README.md...
Building group list...
Building directory list...
Building namespace list...
Building file list...
Building class list...
Associating documentation with classes...
Computing nesting relations for classes...
Building example list...
Searching for enumerations...
Searching for documented typedefs...
Searching for members imported via using declarations...
Searching for included using directives...
Searching for documented variables...
Building interface member list...
Building member list...
Searching for friends...
Searching for documented defines...
Computing class inheritance relations...
Computing class usage relations...
Flushing cached template relations that have become invalid...
Creating members for template instances...
Computing class relations...
Add enum values to enums...
Searching for member function documentation...
Building page list...
Search for main page...
Computing page relations...
Determining the scope of groups...
Sorting lists...
Freeing entry tree
Determining which enums are documented
Computing member relations...
Building full member lists recursively...
Adding members to member groups.
Computing member references...
Inheriting documentation...
Generating disk names...
Adding source references...
Adding xrefitems...
Sorting member lists...
Computing dependencies between directories...
Generating citations page...
Counting data structures...
Resolving user defined references...
Finding anchors and sections in the documentation...
Transferring function references...
Combining using relations...
Adding members to index pages...
Generating style sheet...
Generating search indices...
Generating example documentation...
Generating docs for example client.c...
Generating docs for example server.c...
Generating file sources...
Generating code for file include/quant/config.h...
Parsing code for file src/config.c...
Generating code for file include/quant/quant.h...
Generating code for file src/bitset.h...
Parsing code for file src/conn.c...
Generating code for file src/conn.h...
Parsing code for file src/diet.c...
Generating code for file src/diet.h...
Generating code for file src/fnv1a.h...
Parsing code for file src/frame.c...
Generating code for file src/frame.h...
Parsing code for file src/marshall.c...
Generating code for file src/marshall.h...
Parsing code for file src/pkt.c...
Generating code for file src/pkt.h...
Parsing code for file src/pn.c...
Generating code for file src/pn.h...
Parsing code for file src/quic.c...
Generating code for file src/quic.h...
Parsing code for file src/recovery.c...
Generating code for file src/recovery.h...
Parsing code for file src/stream.c...
Generating code for file src/stream.h...
Parsing code for file src/tls.c...
Generating code for file src/tls.h...
Parsing code for file src/util.c...
Parsing code for file /home/travis/build/NTAP/quant/README.md...
Generating file documentation...
Generating docs for file include/quant/config.h...
Generating docs for file src/config.c...
Generating docs for file include/quant/quant.h...
Generating call graph for function q_accept
Generating call graph for function q_alloc
Generating call graph for function q_bind
Generating call graph for function q_chunk_str
Generating call graph for function q_cleanup
Generating call graph for function q_close
Generating call graph for function q_close_stream
Generating call graph for function q_connect
Generating call graph for function q_init
Generating call graph for function q_read
Generating call graph for function q_readall_stream
Generating call graph for function q_rsv_stream
Generating call graph for function q_rx_ready
Generating call graph for function q_write
Generating call graph for function q_write_file
Generating call graph for function q_write_str
Generating docs for file src/bitset.h...
Generating docs for file src/conn.c...
Generating call graph for function add_dcid
Generating call graph for function add_scid
Generating call graph for function conns_by_ipnp_del
Generating call graph for function conns_by_ipnp_ins
Generating call graph for function conns_by_ipnp_update
Generating call graph for function do_conn_mgmt
Generating call graph for function do_tx
Generating call graph for function enter_closed
Generating call graph for function enter_closing
Generating call graph for function err_close
Generating call graph for function free_conn
Generating call graph for function free_scid
Generating call graph for function get_conn_by_ipnp
Generating call graph for function idle_alarm
Generating call graph for function log_sent_pkts
Generating call graph for function new_conn
Generating call graph for function pkt_ok_for_epoch
Generating call graph for function rtx_pkt
Generating call graph for function rx
Generating call graph for function rx_crypto
Generating call graph for function rx_pkt
Generating call graph for function rx_pkts
Generating call graph for function switch_scid
Generating call graph for function tx
Generating call graph for function tx_ack
Generating call graph for function tx_stream
Generating call graph for function tx_stream_ctrl
Generating call graph for function tx_stream_data
Generating call graph for function tx_w
Generating call graph for function update_act_scid
Generating call graph for function use_next_dcid
Generating call graph for function vers_supported
Generating call graph for function vneg_or_rtry_resp
Generating docs for file src/conn.h...
Generating call graph for function add_dcid
Generating call graph for function add_scid
Generating call graph for function conn_needs_ctrl
Generating call graph for function enter_closing
Generating call graph for function err_close
Generating call graph for function free_conn
Generating call graph for function free_scid
Generating call graph for function hash_cid
Generating call graph for function kh_cid_cmp
Generating call graph for function KHASH_INIT
Generating call graph for function new_conn
Generating call graph for function ooo_0rtt_by_cid_cmp
Generating call graph for function rx
Generating call graph for function tx
Generating call graph for function tx_ack
Generating call graph for function tx_w
Generating call graph for function update_act_scid
Generating call graph for function vers_supported
Generating docs for file src/diet.c...
Generating call graph for function diet_insert
Generating call graph for function diet_remove
Generating docs for file src/diet.h...
Generating call graph for function diet_insert
Generating call graph for function diet_remove
Generating docs for file src/fnv1a.h...
Generating docs for file src/frame.c...
Generating call graph for function dec_ack_frame
Generating call graph for function dec_close_frame
Generating call graph for function dec_data_blocked_frame
Generating call graph for function dec_frames
Generating call graph for function dec_max_stream_data_frame
Generating call graph for function dec_max_streams_frame
Generating call graph for function dec_new_cid_frame
Generating call graph for function dec_reset_stream_frame
Generating call graph for function dec_retire_cid_frame
Generating call graph for function dec_stop_sending_frame
Generating call graph for function dec_stream_data_blocked_frame
Generating call graph for function dec_stream_or_crypto_frame
Generating call graph for function enc_ack_frame
Generating call graph for function enc_new_cid_frame
Generating call graph for function enc_stream_or_crypto_frame
Generating call graph for function log_stream_or_crypto_frame
Generating docs for file src/frame.h...
Generating call graph for function dec_ack_frame
Generating call graph for function dec_frames
Generating call graph for function enc_ack_frame
Generating call graph for function enc_new_cid_frame
Generating call graph for function enc_stream_or_crypto_frame
Generating call graph for function log_stream_or_crypto_frame
Generating docs for file src/marshall.c...
Generating docs for file src/marshall.h...
Generating docs for file src/pkt.c...
Generating call graph for function clnt_vneg
Generating call graph for function coalesce
Generating call graph for function dec_pkt_hdr_beginning
Generating call graph for function dec_pkt_hdr_remainder
Generating call graph for function enc_lh_cids
Generating call graph for function enc_other_frames
Generating call graph for function enc_pkt
Generating call graph for function have_space_for
Generating call graph for function log_pkt
Generating call graph for function tx_vneg_resp
Generating call graph for function undo_hp
Generating call graph for function which_cipher_ctx_in
Generating call graph for function xor_hp
Generating docs for file src/pkt.h...
Generating call graph for function clnt_vneg
Generating call graph for function coalesce
Generating call graph for function dec_pkt_hdr_beginning
Generating call graph for function dec_pkt_hdr_remainder
Generating call graph for function enc_pkt
Generating call graph for function log_pkt
Generating call graph for function pkt_type
Generating call graph for function pkt_type_str
Generating call graph for function tx_vneg_resp
Generating call graph for function xor_hp
Generating docs for file src/pn.c...
Generating call graph for function abandon_pn
Generating call graph for function ack_alarm
Generating call graph for function do_free_pn
Generating call graph for function free_pn
Generating call graph for function init_pn
Generating call graph for function reset_pn
Generating docs for file src/pn.h...
Generating call graph for function abandon_pn
Generating call graph for function ack_alarm
Generating call graph for function free_pn
Generating call graph for function init_pn
Generating call graph for function needs_ack
Generating call graph for function reset_pn
Generating docs for file src/quic.c...
Generating call graph for function cancel_api_call
Generating call graph for function pm_free
Generating call graph for function q_accept
Generating call graph for function q_alloc
Generating call graph for function q_bind
Generating call graph for function q_cleanup
Generating call graph for function q_close
Generating call graph for function q_close_stream
Generating call graph for function q_connect
Generating call graph for function q_init
Generating call graph for function q_read
Generating call graph for function q_readall_stream
Generating call graph for function q_rsv_stream
Generating call graph for function q_rx_ready
Generating call graph for function q_write
Generating docs for file src/quic.h...
Generating call graph for function pm_free
Generating docs for file src/recovery.c...
Generating call graph for function congestion_event
Generating call graph for function crypto_pkts_in_flight
Generating call graph for function detect_lost_pkts
Generating call graph for function init_rec
Generating call graph for function on_ack_received_1
Generating call graph for function on_ack_received_2
Generating call graph for function on_ld_alarm
Generating call graph for function on_pkt_acked
Generating call graph for function on_pkt_acked_cc
Generating call graph for function on_pkt_sent
Generating call graph for function set_ld_timer
Generating call graph for function track_acked_pkts
Generating call graph for function update_rtt
Generating docs for file src/recovery.h...
Generating call graph for function congestion_event
Generating call graph for function init_rec
Generating call graph for function on_ack_received_1
Generating call graph for function on_ack_received_2
Generating call graph for function on_pkt_acked
Generating call graph for function on_pkt_sent
Generating docs for file src/stream.c...
Generating call graph for function free_stream
Generating call graph for function new_stream
Generating call graph for function reset_stream
Generating docs for file src/stream.h...
Generating call graph for function free_stream
Generating call graph for function new_stream
Generating call graph for function reset_stream
Generating docs for file src/tls.c...
Generating call graph for function chk_tp
Generating call graph for function chk_tp_clnt
Generating call graph for function chk_tp_serv
Generating call graph for function enc_aead
Generating call graph for function encrypt_ticket_cb
Generating call graph for function flip_keys
Generating call graph for function free_prot
Generating call graph for function free_tls
Generating call graph for function free_tls_ctx
Generating call graph for function init_prot
Generating call graph for function init_ticket_prot
Generating call graph for function init_tls
Generating call graph for function init_tls_ctx
Generating call graph for function init_tp
Generating call graph for function log_secret_cb
Generating call graph for function make_rtry_tok
Generating call graph for function maybe_flip_keys
Generating call graph for function save_ticket_cb
Generating call graph for function setup_initial_encryption
Generating call graph for function setup_initial_key
Generating call graph for function tls_io
Generating call graph for function update_traffic_key_cb
Generating call graph for function verify_rtry_tok
Generating call graph for function which_cipher_ctx_out
Generating docs for file src/tls.h...
Generating call graph for function enc_aead
Generating call graph for function flip_keys
Generating call graph for function free_tls
Generating call graph for function free_tls_ctx
Generating call graph for function init_prot
Generating call graph for function init_tls
Generating call graph for function init_tls_ctx
Generating call graph for function init_tp
Generating call graph for function make_rtry_tok
Generating call graph for function maybe_flip_keys
Generating call graph for function tls_io
Generating call graph for function verify_rtry_tok
Generating docs for file src/util.c...
Generating call graph for function q_chunk_str
Generating call graph for function q_write_file
Generating call graph for function q_write_str
Generating docs for file /home/travis/build/NTAP/quant/README.md...
Generating page documentation...
Generating group documentation...
Generating class documentation...
Generating docs for compound cid...
Generating docs for compound cipher_ctx...
Generating docs for compound ival...
Generating docs for compound ooo_0rtt...
Generating docs for compound pkt_hdr...
Generating docs for compound pkt_meta...
Generating docs for compound pn_data_space...
Generating docs for compound pn_hshk_space...
Generating docs for compound pn_space...
Generating docs for compound q_conf...
Generating docs for compound q_conn_conf...
Generating docs for compound q_stream...
Generating docs for compound recovery...
Generating docs for compound tickets_by_peer...
Generating docs for compound tls...
Generating docs for compound tls_ticket...
Generating docs for compound transport_params...
Generating namespace index...
Generating graph info page...
Generating directory documentation...
Generating dependency graph for directory include
Generating dependency graph for directory include
Generating dependency graph for directory include/quant
Generating dependency graph for directory include/quant
Generating dependency graph for directory src
Generating dependency graph for directory src
Generating index page...
Generating page index...
Generating module index...
Generating namespace index...
Generating namespace member index...
Generating annotated compound index...
Generating alphabetical compound index...
Generating hierarchical class index...
Generating graphical class hierarchy...
Generating member index...
Generating file index...
Generating file member index...
Generating example index...
finalizing index lists...
Running dot...
Generating dot graphs using 3 parallel threads...
Running dot for graph 1/261
Running dot for graph 2/261
Running dot for graph 3/261
Running dot for graph 4/261
Running dot for graph 5/261
Running dot for graph 6/261
Running dot for graph 7/261
Running dot for graph 8/261
Running dot for graph 9/261
Running dot for graph 10/261
Running dot for graph 11/261
Running dot for graph 12/261
Running dot for graph 13/261
Running dot for graph 14/261
Running dot for graph 15/261
Running dot for graph 16/261
Running dot for graph 17/261
Running dot for graph 18/261
Running dot for graph 19/261
Running dot for graph 20/261
Running dot for graph 21/261
Running dot for graph 22/261
Running dot for graph 23/261
Running dot for graph 24/261
Running dot for graph 25/261
Running dot for graph 26/261
Running dot for graph 27/261
Running dot for graph 28/261
Running dot for graph 29/261
Running dot for graph 30/261
Running dot for graph 31/261
Running dot for graph 32/261
Running dot for graph 33/261
Running dot for graph 34/261
Running dot for graph 35/261
Running dot for graph 36/261
Running dot for graph 37/261
Running dot for graph 38/261
Running dot for graph 39/261
Running dot for graph 40/261
Running dot for graph 41/261
Running dot for graph 42/261
Running dot for graph 43/261
Running dot for graph 44/261
Running dot for graph 45/261
Running dot for graph 46/261
Running dot for graph 47/261
Running dot for graph 48/261
Running dot for graph 49/261
Running dot for graph 50/261
Running dot for graph 51/261
Running dot for graph 52/261
Running dot for graph 53/261
Running dot for graph 54/261
Running dot for graph 55/261
Running dot for graph 56/261
Running dot for graph 57/261
Running dot for graph 58/261
Running dot for graph 59/261
Running dot for graph 60/261
Running dot for graph 61/261
Running dot for graph 62/261
Running dot for graph 63/261
Running dot for graph 64/261
Running dot for graph 65/261
Running dot for graph 66/261
Running dot for graph 67/261
Running dot for graph 68/261
Running dot for graph 69/261
Running dot for graph 70/261
Running dot for graph 71/261
Running dot for graph 72/261
Running dot for graph 73/261
Running dot for graph 74/261
Running dot for graph 75/261
Running dot for graph 76/261
Running dot for graph 77/261
Running dot for graph 78/261
Running dot for graph 79/261
Running dot for graph 80/261
Running dot for graph 81/261
Running dot for graph 82/261
Running dot for graph 83/261
Running dot for graph 84/261
Running dot for graph 85/261
Running dot for graph 86/261
Running dot for graph 87/261
Running dot for graph 88/261
Running dot for graph 89/261
Running dot for graph 90/261
Running dot for graph 91/261
Running dot for graph 92/261
Running dot for graph 93/261
Running dot for graph 94/261
Running dot for graph 95/261
Running dot for graph 96/261
Running dot for graph 97/261
Running dot for graph 98/261
Running dot for graph 99/261
Running dot for graph 100/261
Running dot for graph 101/261
Running dot for graph 102/261
Running dot for graph 103/261
Running dot for graph 104/261
Running dot for graph 105/261
Running dot for graph 106/261
Running dot for graph 107/261
Running dot for graph 108/261
Running dot for graph 109/261
Running dot for graph 110/261
Running dot for graph 111/261
Running dot for graph 112/261
Running dot for graph 113/261
Running dot for graph 114/261
Running dot for graph 115/261
Running dot for graph 116/261
Running dot for graph 117/261
Running dot for graph 118/261
Running dot for graph 119/261
Running dot for graph 120/261
Running dot for graph 121/261
Running dot for graph 122/261
Running dot for graph 123/261
Running dot for graph 124/261
Running dot for graph 125/261
Running dot for graph 126/261
Running dot for graph 127/261
Running dot for graph 128/261
Running dot for graph 129/261
Running dot for graph 130/261
Running dot for graph 131/261
Running dot for graph 132/261
Running dot for graph 133/261
Running dot for graph 134/261
Running dot for graph 135/261
Running dot for graph 136/261
Running dot for graph 137/261
Running dot for graph 138/261
Running dot for graph 139/261
Running dot for graph 140/261
Running dot for graph 141/261
Running dot for graph 142/261
Running dot for graph 143/261
Running dot for graph 144/261
Running dot for graph 145/261
Running dot for graph 146/261
Running dot for graph 147/261
Running dot for graph 148/261
Running dot for graph 149/261
Running dot for graph 150/261
Running dot for graph 151/261
Running dot for graph 152/261
Running dot for graph 153/261
Running dot for graph 154/261
Running dot for graph 155/261
Running dot for graph 156/261
Running dot for graph 157/261
Running dot for graph 158/261
Running dot for graph 159/261
Running dot for graph 160/261
Running dot for graph 161/261
Running dot for graph 162/261
Running dot for graph 163/261
Running dot for graph 164/261
Running dot for graph 165/261
Running dot for graph 166/261
Running dot for graph 167/261
Running dot for graph 168/261
Running dot for graph 169/261
Running dot for graph 170/261
Running dot for graph 171/261
Running dot for graph 172/261
Running dot for graph 173/261
Running dot for graph 174/261
Running dot for graph 175/261
Running dot for graph 176/261
Running dot for graph 177/261
Running dot for graph 178/261
Running dot for graph 179/261
Running dot for graph 180/261
Running dot for graph 181/261
Running dot for graph 182/261
Running dot for graph 183/261
Running dot for graph 184/261
Running dot for graph 185/261
Running dot for graph 186/261
Running dot for graph 187/261
Running dot for graph 188/261
Running dot for graph 189/261
Running dot for graph 190/261
Running dot for graph 191/261
Running dot for graph 192/261
Running dot for graph 193/261
Running dot for graph 194/261
Running dot for graph 195/261
Running dot for graph 196/261
Running dot for graph 197/261
Running dot for graph 198/261
Running dot for graph 199/261
Running dot for graph 200/261
Running dot for graph 201/261
Running dot for graph 202/261
Running dot for graph 203/261
Running dot for graph 204/261
Running dot for graph 205/261
Running dot for graph 206/261
Running dot for graph 207/261
Running dot for graph 208/261
Running dot for graph 209/261
Running dot for graph 210/261
Running dot for graph 211/261
Running dot for graph 212/261
Running dot for graph 213/261
Running dot for graph 214/261
Running dot for graph 215/261
Running dot for graph 216/261
Running dot for graph 217/261
Running dot for graph 218/261
Running dot for graph 219/261
Running dot for graph 220/261
Running dot for graph 221/261
Running dot for graph 222/261
Running dot for graph 223/261
Running dot for graph 224/261
Running dot for graph 225/261
Running dot for graph 226/261
Running dot for graph 227/261
Running dot for graph 228/261
Running dot for graph 229/261
Running dot for graph 230/261
Running dot for graph 231/261
Running dot for graph 232/261
Running dot for graph 233/261
Running dot for graph 234/261
Running dot for graph 235/261
Running dot for graph 236/261
Running dot for graph 237/261
Running dot for graph 238/261
Running dot for graph 239/261
Running dot for graph 240/261
Running dot for graph 241/261
Running dot for graph 242/261
Running dot for graph 243/261
Running dot for graph 244/261
Running dot for graph 245/261
Running dot for graph 246/261
Running dot for graph 247/261
Running dot for graph 248/261
Running dot for graph 249/261
Running dot for graph 250/261
Running dot for graph 251/261
Running dot for graph 252/261
Running dot for graph 253/261
Running dot for graph 254/261
Running dot for graph 255/261
Running dot for graph 256/261
Running dot for graph 257/261
Running dot for graph 258/261
Running dot for graph 259/261
Running dot for graph 260/261
Running dot for graph 261/261
Patching output file 1/39
Patching output file 2/39
Patching output file 3/39
Patching output file 4/39
Patching output file 5/39
Patching output file 6/39
Patching output file 7/39
Patching output file 8/39
Patching output file 9/39
Patching output file 10/39
Patching output file 11/39
Patching output file 12/39
Patching output file 13/39
Patching output file 14/39
Patching output file 15/39
Patching output file 16/39
Patching output file 17/39
Patching output file 18/39
Patching output file 19/39
Patching output file 20/39
Patching output file 21/39
Patching output file 22/39
Patching output file 23/39
Patching output file 24/39
Patching output file 25/39
Patching output file 26/39
Patching output file 27/39
Patching output file 28/39
Patching output file 29/39
Patching output file 30/39
Patching output file 31/39
Patching output file 32/39
Patching output file 33/39
Patching output file 34/39
Patching output file 35/39
Patching output file 36/39
Patching output file 37/39
Patching output file 38/39
Patching output file 39/39
lookup cache used 873/65536 hits=6466 misses=890
finished...
